[2025-02-17T14:38:58.315186+00:00] mon_log.INFO: L'utilisateur  s'est déconnecté. [] []
[2025-02-17T14:39:25.752505+00:00] mon_log.INFO: L'utilisateur 1 s'est connecté. [] []
[2025-02-17T14:39:31.646453+00:00] mon_log.INFO: L'utilisateur 1 s'est déconnecté. [] []
[2025-02-17T14:39:44.132610+00:00] mon_log.INFO: L'utilisateur 3 s'est connecté. [] []
[2025-02-17T14:42:59.434046+00:00] flaglog.INFO: L'utilisateur 3 s'est déconnecté. [] []
[2025-02-21T14:35:36.508225+00:00] flaglog.INFO: L'utilisateur 1 s'est connecté. [] []
[2025-03-03T11:50:19.375553+00:00] flaglog.INFO: L'utilisateur 1 s'est connecté. [] []
[2025-03-03T12:04:58.392052+00:00] flaglog.INFO: L'utilisateur 1 s'est déconnecté. [] []
[2025-03-03T12:05:22.721901+00:00] flaglog.INFO: L'utilisateur 3 s'est connecté. [] []
[2025-03-03T13:41:36.188052+00:00] flaglog.INFO: L'utilisateur 3 s'est connecté. [] []
[2025-03-03T13:42:54.310266+00:00] flaglog.INFO: L'utilisateur 3 s'est déconnecté. [] []
[2025-03-03T13:42:57.446749+00:00] flaglog.INFO: L'utilisateur 1 s'est connecté. [] []
[2025-03-03T13:43:21.897681+00:00] flaglog.INFO: L'utilisateur 1 s'est déconnecté. [] []
[2025-03-03T13:43:26.439556+00:00] flaglog.INFO: L'utilisateur 3 s'est connecté. [] []
[2025-03-03T13:51:40.731743+00:00] flaglog.INFO: 3 a augmenté son score [] []
[2025-03-03T13:51:44.284888+00:00] flaglog.INFO: 3 a augmenté son score [] []
[2025-03-03T13:51:47.481650+00:00] flaglog.INFO: 3 a augmenté son score [] []
[2025-03-03T13:51:55.061131+00:00] flaglog.INFO: 3 a augmenté son score [] []
[2025-03-03T13:52:00.214635+00:00] flaglog.INFO: 3 a augmenté son score [] []
[2025-03-03T13:52:09.110322+00:00] flaglog.INFO: 3 a augmenté son score [] []
[2025-03-03T13:55:14.586865+00:00] flaglog.INFO: 3 a augmenté son score [] []
[2025-03-03T13:56:16.516057+00:00] flaglog.INFO: 3 a augmenté son score [] []
[2025-03-03T13:56:20.675857+00:00] flaglog.INFO: 3 a augmenté son score [] []
[2025-03-03T14:22:20.176781+00:00] flaglog.INFO: L'utilisateur 3 s'est déconnecté. [] []
[2025-03-03T14:28:11.745397+00:00] flaglog.INFO: L'utilisateur 4 a été créé. [] []
[2025-03-03T14:28:31.475893+00:00] flaglog.INFO: L'utilisateur 4 s'est déconnecté. [] []
